# JRE version: OpenJDK Runtime Environment Microsoft-8035246 (17.0.8+7) (build 17.0.8+7-LTS)
# Java VM: OpenJDK 64-Bit Server VM Microsoft-8035246 (17.0.8+7-LTS, mixed mode, sharing, tiered, compressed oops, compressed class ptrs, g1 gc, windows-amd64)
GC Precious Log:
 CPUs: 8 total, 8 available
 Memory: 10101M
 Large Page Support: Disabled
 NUMA Support: Disabled
 Compressed Oops: Enabled (32-bit)
 Heap Region Size: 1M
 Heap Min Capacity: 8M
 Heap Initial Capacity: 158M
 Heap Max Capacity: 2G
 Pre-touch: Disabled
 Parallel Workers: 8
 Concurrent Workers: 2
 Concurrent Refinement Workers: 8
 Periodic GC: Disabled
Heap:
 garbage-first heap   total 269312K, used 230737K [0x0000000080000000, 0x0000000100000000)
  region size 1024K, 15 young (15360K), 3 survivors (3072K)
 Metaspace       used 99794K, committed 101184K, reserved 557056K
  class space    used 13963K, committed 14592K, reserved 425984K
GC Heap History (20 events):
Event: 70.176 GC heap before
{Heap before GC invocations=63 (full 0):
 garbage-first heap   total 224256K, used 184675K [0x0000000080000000, 0x0000000100000000)
  region size 1024K, 29 young (29696K), 5 survivors (5120K)
 Metaspace       used 97478K, committed 98688K, reserved 557056K
  class space    used 13676K, committed 14208K, reserved 425984K
}
Event: 70.181 GC heap after
{Heap after GC invocations=64 (full 0):
 garbage-first heap   total 224256K, used 165741K [0x0000000080000000, 0x0000000100000000)
  region size 1024K, 4 young (4096K), 4 survivors (4096K)
 Metaspace       used 97478K, committed 98688K, reserved 557056K
  class space    used 13676K, committed 14208K, reserved 425984K
}
Event: 71.184 GC heap before
{Heap before GC invocations=64 (full 0):
 garbage-first heap   total 224256K, used 186221K [0x0000000080000000, 0x0000000100000000)
  region size 1024K, 25 young (25600K), 4 survivors (4096K)
 Metaspace       used 97946K, committed 99136K, reserved 557056K
  class space    used 13729K, committed 14272K, reserved 425984K
}
Event: 71.192 GC heap after
{Heap after GC invocations=65 (full 0):
 garbage-first heap   total 224256K, used 172344K [0x0000000080000000, 0x0000000100000000)
  region size 1024K, 4 young (4096K), 4 survivors (4096K)
 Metaspace       used 97946K, committed 99136K, reserved 557056K
  class space    used 13729K, committed 14272K, reserved 425984K
}
Event: 71.662 GC heap before
{Heap before GC invocations=65 (full 0):
 garbage-first heap   total 224256K, used 188728K [0x0000000080000000, 0x0000000100000000)
  region size 1024K, 20 young (20480K), 4 survivors (4096K)
 Metaspace       used 98042K, committed 99328K, reserved 557056K
  class space    used 13737K, committed 14336K, reserved 425984K
}
Event: 71.667 GC heap after
{Heap after GC invocations=66 (full 0):
 garbage-first heap   total 224256K, used 175981K [0x0000000080000000, 0x0000000100000000)
  region size 1024K, 3 young (3072K), 3 survivors (3072K)
 Metaspace       used 98042K, committed 99328K, reserved 557056K
  class space    used 13737K, committed 14336K, reserved 425984K
}
Event: 71.782 GC heap before
{Heap before GC invocations=66 (full 0):
 garbage-first heap   total 224256K, used 189293K [0x0000000080000000, 0x0000000100000000)
  region size 1024K, 17 young (17408K), 3 survivors (3072K)
 Metaspace       used 98042K, committed 99328K, reserved 557056K
  class space    used 13737K, committed 14336K, reserved 425984K
}
Event: 71.786 GC heap after
{Heap after GC invocations=67 (full 0):
 garbage-first heap   total 224256K, used 177772K [0x0000000080000000, 0x0000000100000000)
  region size 1024K, 3 young (3072K), 3 survivors (3072K)
 Metaspace       used 98042K, committed 99328K, reserved 557056K
  class space    used 13737K, committed 14336K, reserved 425984K
}
Event: 72.013 GC heap before
{Heap before GC invocations=67 (full 0):
 garbage-first heap   total 224256K, used 190060K [0x0000000080000000, 0x0000000100000000)
  region size 1024K, 16 young (16384K), 3 survivors (3072K)
 Metaspace       used 98086K, committed 99392K, reserved 557056K
  class space    used 13740K, committed 14336K, reserved 425984K
}
Event: 72.018 GC heap after
{Heap after GC invocations=68 (full 0):
 garbage-first heap   total 269312K, used 179041K [0x0000000080000000, 0x0000000100000000)
  region size 1024K, 2 young (2048K), 2 survivors (2048K)
 Metaspace       used 98086K, committed 99392K, reserved 557056K
  class space    used 13740K, committed 14336K, reserved 425984K
}
Event: 73.179 GC heap before
{Heap before GC invocations=68 (full 0):
 garbage-first heap   total 269312K, used 223073K [0x0000000080000000, 0x0000000100000000)
  region size 1024K, 41 young (41984K), 2 survivors (2048K)
 Metaspace       used 98716K, committed 100032K, reserved 557056K
  class space    used 13830K, committed 14400K, reserved 425984K
}
Event: 73.185 GC heap after
{Heap after GC invocations=69 (full 0):
 garbage-first heap   total 269312K, used 193433K [0x0000000080000000, 0x0000000100000000)
  region size 1024K, 6 young (6144K), 6 survivors (6144K)
 Metaspace       used 98716K, committed 100032K, reserved 557056K
  class space    used 13830K, committed 14400K, reserved 425984K
}
Event: 73.748 GC heap before
{Heap before GC invocations=69 (full 0):
 garbage-first heap   total 269312K, used 222105K [0x0000000080000000, 0x0000000100000000)
  region size 1024K, 35 young (35840K), 6 survivors (6144K)
 Metaspace       used 98867K, committed 100224K, reserved 557056K
  class space    used 13846K, committed 14464K, reserved 425984K
}
Event: 73.753 GC heap after
{Heap after GC invocations=70 (full 0):
 garbage-first heap   total 269312K, used 198251K [0x0000000080000000, 0x0000000100000000)
  region size 1024K, 4 young (4096K), 4 survivors (4096K)
 Metaspace       used 98867K, committed 100224K, reserved 557056K
  class space    used 13846K, committed 14464K, reserved 425984K
}
Event: 74.509 GC heap before
{Heap before GC invocations=70 (full 0):
 garbage-first heap   total 269312K, used 228971K [0x0000000080000000, 0x0000000100000000)
  region size 1024K, 32 young (32768K), 4 survivors (4096K)
 Metaspace       used 99181K, committed 100480K, reserved 557056K
  class space    used 13882K, committed 14464K, reserved 425984K
}
Event: 74.514 GC heap after
{Heap after GC invocations=71 (full 0):
 garbage-first heap   total 269312K, used 206947K [0x0000000080000000, 0x0000000100000000)
  region size 1024K, 4 young (4096K), 4 survivors (4096K)
 Metaspace       used 99181K, committed 100480K, reserved 557056K
  class space    used 13882K, committed 14464K, reserved 425984K
}
Event: 75.129 GC heap before
{Heap before GC invocations=71 (full 0):
 garbage-first heap   total 269312K, used 228451K [0x0000000080000000, 0x0000000100000000)
  region size 1024K, 25 young (25600K), 4 survivors (4096K)
 Metaspace       used 99512K, committed 100864K, reserved 557056K
  class space    used 13922K, committed 14528K, reserved 425984K
}
Event: 75.135 GC heap after
{Heap after GC invocations=72 (full 0):
 garbage-first heap   total 269312K, used 212648K [0x0000000080000000, 0x0000000100000000)
  region size 1024K, 4 young (4096K), 4 survivors (4096K)
 Metaspace       used 99512K, committed 100864K, reserved 557056K
  class space    used 13922K, committed 14528K, reserved 425984K
}
Event: 75.532 GC heap before
{Heap before GC invocations=72 (full 0):
 garbage-first heap   total 269312K, used 231080K [0x0000000080000000, 0x0000000100000000)
  region size 1024K, 22 young (22528K), 4 survivors (4096K)
 Metaspace       used 99757K, committed 101120K, reserved 557056K
  class space    used 13959K, committed 14592K, reserved 425984K
}
Event: 75.537 GC heap after
{Heap after GC invocations=73 (full 0):
 garbage-first heap   total 269312K, used 217425K [0x0000000080000000, 0x0000000100000000)
  region size 1024K, 3 young (3072K), 3 survivors (3072K)
 Metaspace       used 99757K, committed 101120K, reserved 557056K
  class space    used 13959K, committed 14592K, reserved 425984K
}

